0 info it worked if it ends with ok
1 verbose cli [ '/usr/local/node-v0.12.0-linux-x86/bin/node',
1 verbose cli   '/usr/local/node-v0.12.0-linux-x86/bin/npm',
1 verbose cli   'test' ]
2 info using npm@2.5.1
3 info using node@v0.12.0
4 verbose stack Error: ENOENT, open '/home/student/Desktop/pwsz-exam3/package.json'
4 verbose stack     at Error (native)
5 verbose cwd /home/student/Desktop/pwsz-exam3
6 error Linux 2.6.33.4-smp
7 error argv "/usr/local/node-v0.12.0-linux-x86/bin/node" "/usr/local/node-v0.12.0-linux-x86/bin/npm" "test"
8 error node v0.12.0
9 error npm  v2.5.1
10 error path /home/student/Desktop/pwsz-exam3/package.json
11 error code ENOENT
12 error errno -2
13 error enoent ENOENT, open '/home/student/Desktop/pwsz-exam3/package.json'
13 error enoent This is most likely not a problem with npm itself
13 error enoent and is related to npm not being able to find a file.
14 verbose exit [ -2, true ]
